Arguments: 
  C:\Program Files\nodejs\node.exe C:\Users\vladi\AppData\Roaming\npm\node_modules\yarn\bin\yarn.js add openzeppelin

PATH: 
  C:\Program Files (x86)\Common Files\Oracle\Java\javapath;C:\Windows\system32;C:\Windows;C:\Windows\System32\Wbem;C:\Windows\System32\WindowsPowerShell\v1.0\;C:\Windows\System32\OpenSSH\;C:\Program Files\NVIDIA Corporation\NVIDIA NvDLISR;C:\Program Files (x86)\NVIDIA Corporation\PhysX\Common;C:\Program Files\dotnet\;C:\Program Files\Git\cmd;C:\Program Files\nodejs\;C:\Program Files (x86)\Common Files\Oracle\Java\javapath;C:\Windows\system32;C:\Windows;C:\Windows\System32\Wbem;C:\Windows\System32\WindowsPowerShell\v1.0\;C:\Windows\System32\OpenSSH\;C:\Program Files\NVIDIA Corporation\NVIDIA NvDLISR;C:\Program Files (x86)\NVIDIA Corporation\PhysX\Common;C:\Program Files\dotnet\;C:\Program Files\Git\cmd;C:\Program Files\nodejs\;C:\Users\vladi\AppData\Local\Programs\Python\Python39\Scripts\;C:\Users\vladi\AppData\Local\Programs\Python\Python39\;C:\Users\vladi\AppData\Local\Microsoft\WindowsApps;C:\Users\vladi\.dotnet\tools;C:\Users\vladi\AppData\Local\Programs\Microsoft VS Code\bin;C:\altera\13.1\modelsim_ase\win32aloem;C:\Users\vladi\AppData\Roaming\npm;C:\Users\vladi\AppData\Roaming\Flow

Yarn version: 
  1.22.10

Node version: 
  16.13.0

Platform: 
  win32 x64

Trace: 
  Error: https://registry.yarnpkg.com/openzeppelin: Not found
      at Request.params.callback [as _callback] (C:\Users\vladi\AppData\Roaming\npm\node_modules\yarn\lib\cli.js:66988:18)
      at Request.self.callback (C:\Users\vladi\AppData\Roaming\npm\node_modules\yarn\lib\cli.js:140662:22)
      at Request.emit (node:events:390:28)
      at Request.<anonymous> (C:\Users\vladi\AppData\Roaming\npm\node_modules\yarn\lib\cli.js:141634:10)
      at Request.emit (node:events:390:28)
      at IncomingMessage.<anonymous> (C:\Users\vladi\AppData\Roaming\npm\node_modules\yarn\lib\cli.js:141556:12)
      at Object.onceWrapper (node:events:509:28)
      at IncomingMessage.emit (node:events:402:35)
      at endReadableNT (node:internal/streams/readable:1343:12)
      at processTicksAndRejections (node:internal/process/task_queues:83:21)

npm manifest: 
  {
    "dependencies": {
      "@openzeppelin/contracts": "^4.4.1",
      "openzeppelin-solidity": "^4.4.1"
    }
  }

yarn manifest: 
  No manifest

Lockfile: 
  # THIS IS AN AUTOGENERATED FILE. DO NOT EDIT THIS FILE DIRECTLY.
  # yarn lockfile v1
  
  
  "@openzeppelin/contracts@^4.4.1":
    version "4.4.1"
    resolved "https://registry.yarnpkg.com/@openzeppelin/contracts/-/contracts-4.4.1.tgz#3382db2cd83ab565ed9626765e7da92944b45de8"
    integrity sha512-o+pHCf/yMLSlV5MkDQEzEQL402i6SoRnktru+0rdSxVEFZcTzzGhZCAtZjUFyKGazMSv1TilzMg+RbED1N8XHQ==
  
  openzeppelin-solidity@^4.4.1:
    version "4.4.1"
    resolved "https://registry.yarnpkg.com/openzeppelin-solidity/-/openzeppelin-solidity-4.4.1.tgz#e563af72f7b3d3f7a0b2f16c323a6311e496a9a4"
    integrity sha512-wM5xXSHl8uSdEd+Oq8y92goqCk4uYXIATNY0MYL+ZtviW7xcSmTtWTeV+dM6ZxkseKJMXE5iEksuR20NzMNSpg==
